Running in Lattice mode


Starting:    C:\ispLEVER_Classic2_0\synpbase\win64\mbin\synbatch.exe
Install:     C:\ispLEVER_Classic2_0\synpbase
Date:        Tue Dec 11 13:14:41 2018
Version:     I-2014.03LC 

Arguments:   -product synplify_pro  -batch d:/projekttestowy\stateMachine1.prj
ProductType: synplify_pro





log file: "D:\projekttestowy\stateMachine1.srr"

Running stateMachine1|projekttestowy

Running: Compile on stateMachine1|projekttestowy

Running: Compile Process on stateMachine1|projekttestowy

Running: Compile Input on stateMachine1|projekttestowy
Copied D:\projekttestowy\synwork\stateMachine1_comp.srs to D:\projekttestowy\stateMachine1.srs
compiler Completed
Return Code: 0
Run Time:0h:00m:01s

Running: Multi-srs Generator on stateMachine1|projekttestowy
Copied D:\projekttestowy\synwork\stateMachine1_comp.srs to D:\projekttestowy\synwork\stateMachine1_s.srs
multi_srs_gen Completed
Return Code: 0
Run Time:0h:00m:01s
Copied D:\projekttestowy\synwork\stateMachine1_mult.srs to D:\projekttestowy\stateMachine1.srs
Copied D:\projekttestowy\stateMachine1.srr to D:\projekttestowy\statemachine1.srf
Complete: Compile Process on stateMachine1|projekttestowy
Complete: Compile on stateMachine1|projekttestowy

Running: Map on stateMachine1|projekttestowy

Running: Map & Optimize on stateMachine1|projekttestowy
fpga_mapper Completed
Return Code: 0
Run Time:0h:00m:00s
Complete: Map on stateMachine1|projekttestowy
Complete: Logic Synthesis on stateMachine1|projekttestowy

exit status=0

exit status=0

