Running in Lattice mode


Starting:    C:\ispLEVER_Classic2_0\synpbase\win64\mbin\synbatch.exe
Install:     C:\ispLEVER_Classic2_0\synpbase
Date:        Thu Nov 12 07:17:21 2020
Version:     I-2014.03LC 

Arguments:   -product synplify_pro  -batch c:/isplever_prj/task3\fullAdder2x3.prj
ProductType: synplify_pro





log file: "C:\isplever_prj\task3\fullAdder2x3.srr"

Running fullAdder2x3|task3

Running: Compile on fullAdder2x3|task3

Running: Compile Process on fullAdder2x3|task3

Running: Compile Input on fullAdder2x3|task3
Copied C:\isplever_prj\task3\synwork\fullAdder2x3_comp.srs to C:\isplever_prj\task3\fullAdder2x3.srs
compiler Completed
Return Code: 0
Run Time:0h:00m:01s

Running: Multi-srs Generator on fullAdder2x3|task3
Copied C:\isplever_prj\task3\synwork\fullAdder2x3_comp.srs to C:\isplever_prj\task3\synwork\fullAdder2x3_s.srs
multi_srs_gen Completed
Return Code: 0
Run Time:0h:00m:01s
Copied C:\isplever_prj\task3\synwork\fullAdder2x3_mult.srs to C:\isplever_prj\task3\fullAdder2x3.srs
Copied C:\isplever_prj\task3\fullAdder2x3.srr to C:\isplever_prj\task3\fulladder2x3.srf
Complete: Compile Process on fullAdder2x3|task3
Complete: Compile on fullAdder2x3|task3

Running: Map on fullAdder2x3|task3

Running: Map & Optimize on fullAdder2x3|task3
fpga_mapper Completed
Return Code: 0
Run Time:0h:00m:00s
Complete: Map on fullAdder2x3|task3
Complete: Logic Synthesis on fullAdder2x3|task3

exit status=0

exit status=0

