
27 "number of signals after reading design file"

"sig    sig    sig pair blk fan                       PT xor sync"
"num   name   type  sig num out             pin node cnt  PT type"
"---   ----   ---- ---- --- ---             --- ---- --- --- ----"

   8    out0_0_  5   -1   0   1  0            8   -1   4   0   21
   7    out0_1_  5   -1   0   1  0            7   -1   4   0   21
   6    out0_2_  5   -1   0   1  0            6   -1   4   0   21
   5    out0_3_  5   -1   0   1  0            5   -1   4   0   21
   4    out0_4_  5   -1   0   1  0            4   -1   4   0   21
   3    out0_5_  5   -1   0   1  0            3   -1   4   0   21
   2    out0_6_  5   -1   0   1  0            2   -1   4   0   21
   1    out0_7_  5   -1   0   1  0            1   -1   4   0   21
 145  odlicz_4_  3   -1   1   3     1  2  3  -1   -1   4   0   21
 150 un2_datain_17_i  3   -1   2   3  0  1     3  -1   -1   1   1   21
 152 un4_odlicz_2  3   -1   2   2  0  1        -1   -1   7   1   21
 151 un4_odlicz_1  3   -1   2   2  0  1        -1   -1   4   1   21
 143  odlicz_2_  3   -1   1   2     1  2     -1   -1   4   0   21
 144  odlicz_3_  3   -1   1   2     1     3  -1   -1   3   0   21
 142  odlicz_1_  3   -1   1   2     1  2     -1   -1   3   0   21
 153 un4_odlicz_6  3   -1   3   2  0  1        -1   -1   2   1   21
 141  odlicz_0_  3   -1   1   2     1  2     -1   -1   2   0   21
 149       N_89  3   -1   2   2     1     3  -1   -1   1   0   21
 146  odlicz_5_  3   -1   3   1           3  -1   -1   4   0   21
 148  odlicz_7_  3   -1   3   1           3  -1   -1   1   0   21
 147  odlicz_6_  3   -1   3   1           3  -1   -1   1   1   21
  10       CLK0  9       -1   0              10   -1
  28  datain_2_  1   -1  -1   2        2  3  28   -1
  27  datain_3_  1   -1  -1   2        2  3  27   -1
  26  datain_4_  1   -1  -1   2        2  3  26   -1
  30  datain_0_  1   -1  -1   1        2     30   -1
  29  datain_1_  1   -1  -1   1        2     29   -1