Running in Lattice mode


Starting:    C:\ispLEVER_Classic2_0\synpbase\win64\mbin\synbatch.exe
Install:     C:\ispLEVER_Classic2_0\synpbase
Date:        Fri Nov 30 09:06:48 2018
Version:     I-2014.03LC 

Arguments:   -product synplify_pro  -batch d:/isplever projects/zadanie1\adder3bit.prj
ProductType: synplify_pro





log file: "D:\isplever projects\zadanie1\adder3bit.srr"

Running adder3bit|zadanie1

Running: Compile on adder3bit|zadanie1

Running: Compile Process on adder3bit|zadanie1

Running: Compile Input on adder3bit|zadanie1
Copied D:\isplever projects\zadanie1\synwork\adder3bit_comp.srs to D:\isplever projects\zadanie1\adder3bit.srs
compiler Completed
Return Code: 0
Run Time:0h:00m:01s

Running: Multi-srs Generator on adder3bit|zadanie1
Copied D:\isplever projects\zadanie1\synwork\adder3bit_comp.srs to D:\isplever projects\zadanie1\synwork\adder3bit_s.srs
multi_srs_gen Completed
Return Code: 0
Run Time:0h:00m:00s
Copied D:\isplever projects\zadanie1\synwork\adder3bit_mult.srs to D:\isplever projects\zadanie1\adder3bit.srs
Copied D:\isplever projects\zadanie1\adder3bit.srr to D:\isplever projects\zadanie1\adder3bit.srf
Complete: Compile Process on adder3bit|zadanie1
Complete: Compile on adder3bit|zadanie1

Running: Map on adder3bit|zadanie1

Running: Map & Optimize on adder3bit|zadanie1
fpga_mapper Completed
Return Code: 0
Run Time:0h:00m:00s
Complete: Map on adder3bit|zadanie1
Complete: Logic Synthesis on adder3bit|zadanie1

exit status=0

exit status=0

