
38 "number of signals after reading design file"

"sig    sig    sig pair blk fan                       PT xor sync"
"num   name   type  sig num out             pin node cnt  PT type"
"---   ----   ---- ---- --- ---             --- ---- --- --- ----"

   4    disp_0_  0        0   0               4   -1   4   0   21
   3    disp_1_  0        0   0               3   -1   4   0   21
   2    disp_2_  0        0   0               2   -1   4   0   21
   1    disp_3_  0        0   0               1   -1   4   0   21
  38       r_3_  5  163   3   0              38   -1   1   0   21
  37       r_2_  5  164   3   0              37   -1   1   0   21
  36       r_1_  5  165   3   0              36   -1   1   0   21
  35       r_0_  5  166   3   0              35   -1   1   0   21
 157 currState_0_  3   -1   3   3     1  2  3  -1   -1   2   0   21
 149       j_0_  3   -1   3   3  0  1     3  -1   -1   2   0   21
 161 digit_un3_zl_n  3   -1   1   3     1  2  3  -1   -1   1   0   21
 148       t_2_  3   -1   1   2  0  1        -1   -1   4   0   21
 147       t_1_  3   -1   1   2  0  1        -1   -1   4   0   21
 146       j_2_  3   -1   1   2  0  1        -1   -1   4   0   21
 142       s_2_  3   -1   0   2  0     2     -1   -1   4   0   21
 141       s_1_  3   -1   2   2  0     2     -1   -1   4   0   21
 156       t_3_  3   -1   1   2  0  1        -1   -1   3   1   21
 154       s_3_  3   -1   0   2  0     2     -1   -1   3   1   21
 152       d_3_  3   -1   2   2  0     2     -1   -1   3   0   21
 151       d_0_  3   -1   2   2  0     2     -1   -1   3   0   21
 145       j_1_  3   -1   1   2  0  1        -1   -1   3   0   21
 160         se  3   -1   2   2  0     2     -1   -1   2   0   21
 155       t_0_  3   -1   1   2  0  1        -1   -1   2   0   21
 153       s_0_  3   -1   0   2  0     2     -1   -1   2   0   21
 150       j_3_  3   -1   1   2  0  1        -1   -1   2   1   21
 143       d_1_  3   -1   2   2  0     2     -1   -1   2   1   21
 166    RN_r_0_  3   35   3   2  0        3  35   -1   1   0   21
 144       d_2_  3   -1   2   2  0     2     -1   -1   1   1   21
 162       te_i  3   -1   2   1     1        -1   -1   2   0   21
 159 disp_sn_N_3  3   -1   3   1  0           -1   -1   2   0   21
 165    RN_r_1_  3   36   3   1           3  36   -1   1   0   21
 164    RN_r_2_  3   37   3   1           3  37   -1   1   0   21
 163    RN_r_3_  3   38   3   1           3  38   -1   1   0   21
 158 finally_disp17_n  3   -1   3   1  0           -1   -1   1   0   21
  10        clk  9       -1   0              10   -1
  30      reset  1   -1  -1   4  0  1  2  3  30   -1
  29      start  1   -1  -1   1           3  29   -1
  28       stop  1   -1  -1   1           3  28   -1
38 "number of signals after reading design file"

"sig    sig    sig pair blk fan                       PT xor sync"
"num   name   type  sig num out             pin node cnt  PT type"
"---   ----   ---- ---- --- ---             --- ---- --- --- ----"

   4    disp_3_  0        0   0               4   -1   4   0   21
   3    disp_2_  0        0   0               3   -1   4   0   21
   2    disp_1_  0        0   0               2   -1   4   0   21
   1    disp_0_  0        0   0               1   -1   4   0   21
  38       r_3_  5  163   3   0              38   -1   1   0   21
  37       r_2_  5  164   3   0              37   -1   1   0   21
  36       r_1_  5  165   3   0              36   -1   1   0   21
  35       r_0_  5  166   3   0              35   -1   1   0   21
 157 currState_0_  3   -1   3   3     1  2  3  -1   -1   2   0   21
 149       j_0_  3   -1   3   3  0  1     3  -1   -1   2   0   21
 161 digit_un3_zl_n  3   -1   1   3     1  2  3  -1   -1   1   0   21
 148       t_2_  3   -1   1   2  0  1        -1   -1   4   0   21
 147       t_1_  3   -1   1   2  0  1        -1   -1   4   0   21
 146       j_2_  3   -1   1   2  0  1        -1   -1   4   0   21
 142       s_2_  3   -1   0   2  0     2     -1   -1   4   0   21
 141       s_1_  3   -1   2   2  0     2     -1   -1   4   0   21
 156       t_3_  3   -1   1   2  0  1        -1   -1   3   1   21
 154       s_3_  3   -1   0   2  0     2     -1   -1   3   1   21
 152       d_3_  3   -1   2   2  0     2     -1   -1   3   0   21
 151       d_0_  3   -1   2   2  0     2     -1   -1   3   0   21
 145       j_1_  3   -1   1   2  0  1        -1   -1   3   0   21
 160         se  3   -1   2   2  0     2     -1   -1   2   0   21
 155       t_0_  3   -1   1   2  0  1        -1   -1   2   0   21
 153       s_0_  3   -1   0   2  0     2     -1   -1   2   0   21
 150       j_3_  3   -1   1   2  0  1        -1   -1   2   1   21
 143       d_1_  3   -1   2   2  0     2     -1   -1   2   1   21
 166    RN_r_0_  3   35   3   2  0        3  35   -1   1   0   21
 144       d_2_  3   -1   2   2  0     2     -1   -1   1   1   21
 162       te_i  3   -1   2   1     1        -1   -1   2   0   21
 159 disp_sn_N_3  3   -1   3   1  0           -1   -1   2   0   21
 165    RN_r_1_  3   36   3   1           3  36   -1   1   0   21
 164    RN_r_2_  3   37   3   1           3  37   -1   1   0   21
 163    RN_r_3_  3   38   3   1           3  38   -1   1   0   21
 158 finally_disp17_n  3   -1   3   1  0           -1   -1   1   0   21
  10        clk  9       -1   0              10   -1
  30      reset  1   -1  -1   4  0  1  2  3  30   -1
  29      start  1   -1  -1   1           3  29   -1
  28       stop  1   -1  -1   1           3  28   -1