Running in Lattice mode


Starting:    C:\ispLEVER_Classic2_0\synpbase\win64\mbin\synbatch.exe
Install:     C:\ispLEVER_Classic2_0\synpbase
Date:        Tue Oct 29 13:03:31 2019
Version:     I-2014.03LC 

Arguments:   -product synplify_pro  -batch c:/users/strak.desktop-d9mddlk/documents/isplever projects/example_stoper\stoper.prj
ProductType: synplify_pro





log file: "C:\users\strak.desktop-d9mddlk\documents\isplever projects\example_stoper\stoper.srr"

Running stoper|example_stoper

Running: Compile on stoper|example_stoper

Running: Compile Process on stoper|example_stoper

Running: Compile Input on stoper|example_stoper
Copied C:\users\strak.desktop-d9mddlk\documents\isplever projects\example_stoper\synwork\stoper_comp.srs to C:\users\strak.desktop-d9mddlk\documents\isplever projects\example_stoper\stoper.srs
compiler Completed
Return Code: 0
Run Time:0h:00m:02s

Running: Multi-srs Generator on stoper|example_stoper
Copied C:\users\strak.desktop-d9mddlk\documents\isplever projects\example_stoper\synwork\stoper_comp.srs to C:\users\strak.desktop-d9mddlk\documents\isplever projects\example_stoper\synwork\stoper_s.srs
multi_srs_gen Completed
Return Code: 0
Run Time:0h:00m:00s
Copied C:\users\strak.desktop-d9mddlk\documents\isplever projects\example_stoper\synwork\stoper_mult.srs to C:\users\strak.desktop-d9mddlk\documents\isplever projects\example_stoper\stoper.srs
Copied C:\users\strak.desktop-d9mddlk\documents\isplever projects\example_stoper\stoper.srr to C:\users\strak.desktop-d9mddlk\documents\isplever projects\example_stoper\stoper.srf
Complete: Compile Process on stoper|example_stoper
Complete: Compile on stoper|example_stoper

Running: Map on stoper|example_stoper

Running: Map & Optimize on stoper|example_stoper
fpga_mapper Completed
Return Code: 0
Run Time:0h:00m:00s
Complete: Map on stoper|example_stoper
Complete: Logic Synthesis on stoper|example_stoper

exit status=0

exit status=0

