
28 "number of signals after reading design file"

"sig    sig    sig pair blk fan                       PT xor sync"
"num   name   type  sig num out             pin node cnt  PT type"
"---   ----   ---- ---- --- ---             --- ---- --- --- ----"

  30 o_state_0_  5  154   2   0              30   -1   2   0   21
  42 o_diodes_7_  0        3   0              42   -1   1   0   21
  41 o_diodes_6_  0        3   0              41   -1   1   0   21
  40 o_diodes_5_  0        3   0              40   -1   1   0   21
  39 o_diodes_4_  0        3   0              39   -1   1   0   21
  38 o_diodes_3_  0        3   0              38   -1   1   0   21
  37 o_diodes_2_  0        3   0              37   -1   1   0   21
  36 o_diodes_1_  0        3   0              36   -1   1   0   21
  35 o_diodes_0_  0        3   0              35   -1   1   0   21
  29 o_state_1_  0        2   0              29   -1   1   0   21
  23  o_clkSlow  0        2   0              23   -1   1   0   21
 150 pres_counter_3_  3   -1   0   4  0  1  2  3  -1   -1   4   0   21
 149 pres_counter_2_  3   -1   1   4  0  1  2  3  -1   -1   3   0   21
 154 RN_o_state_0_  3   30   2   4  0  1  2  3  30   -1   2   0   21
 148 pres_counter_1_  3   -1   1   4  0  1  2  3  -1   -1   2   0   21
 147 pres_counter_0_  3   -1   2   4  0  1  2  3  -1   -1   2   0   21
 151 pres_counter_4_  3   -1   0   4  0  1  2  3  -1   -1   1   1   21
 146 counter_5_  3   -1   0   3  0  1  2     -1   -1   4   0   21
 145 counter_0_  3   -1   1   3  0  1  2     -1   -1   4   0   21
 152 pres_counter_5_  3   -1   1   3     1  2  3  -1   -1   2   0   21
 144 counter_4_  3   -1   2   3  0  1  2     -1   -1   2   0   21
 143 counter_3_  3   -1   0   3  0  1  2     -1   -1   2   0   21
 142 counter_2_  3   -1   1   3  0  1  2     -1   -1   2   0   21
 141 counter_1_  3   -1   0   3  0  1  2     -1   -1   2   0   21
 153 pres_counter_6_  3   -1   1   3     1  2  3  -1   -1   1   0   21
  10      i_clk  9       -1   0              10   -1
   8   i_btn_0_  1   -1  -1   3  0  1  2      8   -1
   7   i_btn_1_  1   -1  -1   3  0  1  2      7   -1
28 "number of signals after reading design file"

"sig    sig    sig pair blk fan                       PT xor sync"
"num   name   type  sig num out             pin node cnt  PT type"
"---   ----   ---- ---- --- ---             --- ---- --- --- ----"

  30 o_state_0_  5  154   2   0              30   -1   2   0   21
  42 o_diodes_7_  0        3   0              42   -1   1   0   21
  41 o_diodes_6_  0        3   0              41   -1   1   0   21
  40 o_diodes_5_  0        3   0              40   -1   1   0   21
  39 o_diodes_4_  0        3   0              39   -1   1   0   21
  38 o_diodes_3_  0        3   0              38   -1   1   0   21
  37 o_diodes_2_  0        3   0              37   -1   1   0   21
  36 o_diodes_1_  0        3   0              36   -1   1   0   21
  35 o_diodes_0_  0        3   0              35   -1   1   0   21
  29 o_state_1_  0        2   0              29   -1   1   0   21
  23  o_clkSlow  0        2   0              23   -1   1   0   21
 150 pres_counter_3_  3   -1   2   4  0  1  2  3  -1   -1   4   0   21
 149 pres_counter_2_  3   -1   0   4  0  1  2  3  -1   -1   3   0   21
 154 RN_o_state_0_  3   30   2   4  0  1  2  3  30   -1   2   0   21
 152 pres_counter_5_  3   -1   1   4  0  1  2  3  -1   -1   2   0   21
 148 pres_counter_1_  3   -1   1   4  0  1  2  3  -1   -1   2   0   21
 147 pres_counter_0_  3   -1   0   4  0  1  2  3  -1   -1   2   0   21
 153 pres_counter_6_  3   -1   1   4  0  1  2  3  -1   -1   1   0   21
 151 pres_counter_4_  3   -1   0   4  0  1  2  3  -1   -1   1   1   21
 141 counter_0_  3   -1   0   3  0  1  2     -1   -1   2   1   21
 145 counter_4_  3   -1   1   2     1  2     -1   -1   2   0   21
 144 counter_3_  3   -1   2   2     1  2     -1   -1   2   0   21
 143 counter_2_  3   -1   1   2     1  2     -1   -1   2   0   21
 142 counter_1_  3   -1   0   2     1  2     -1   -1   2   0   21
 146 counter_5_  3   -1   1   1        2     -1   -1   2   0   21
  10      i_clk  9       -1   0              10   -1
   8   i_btn_0_  1   -1  -1   3  0  1  2      8   -1
   7   i_btn_1_  1   -1  -1   3  0  1  2      7   -1
29 "number of signals after reading design file"

"sig    sig    sig pair blk fan                       PT xor sync"
"num   name   type  sig num out             pin node cnt  PT type"
"---   ----   ---- ---- --- ---             --- ---- --- --- ----"

  30 o_state_0_  5  155   2   0              30   -1   3   0   21
  29 o_state_1_  5  154   2   0              29   -1   3   0   21
  42 o_diodes_7_  0        3   0              42   -1   1   0   21
  41 o_diodes_6_  0        3   0              41   -1   1   0   21
  40 o_diodes_5_  0        3   0              40   -1   1   0   21
  39 o_diodes_4_  0        3   0              39   -1   1   0   21
  38 o_diodes_3_  0        3   0              38   -1   1   0   21
  37 o_diodes_2_  0        3   0              37   -1   1   0   21
  36 o_diodes_1_  0        3   0              36   -1   1   0   21
  35 o_diodes_0_  0        3   0              35   -1   1   0   21
  23  o_clkSlow  0        2   0              23   -1   1   0   21
 150 pres_counter_3_  3   -1   0   4  0  1  2  3  -1   -1   4   0   21
 154 RN_o_state_1_  3   29   2   4  0  1  2  3  29   -1   3   0   21
 149 pres_counter_2_  3   -1   1   4  0  1  2  3  -1   -1   3   0   21
 148 pres_counter_1_  3   -1   2   4  0  1  2  3  -1   -1   2   0   21
 147 pres_counter_0_  3   -1   2   4  0  1  2  3  -1   -1   2   0   21
 155 RN_o_state_0_  3   30   2   3  0  1  2     30   -1   3   0   21
 152 pres_counter_5_  3   -1   1   3     1  2  3  -1   -1   2   0   21
 153 pres_counter_6_  3   -1   1   3     1  2  3  -1   -1   1   0   21
 151 pres_counter_4_  3   -1   1   3     1  2  3  -1   -1   1   1   21
 145 counter_4_  3   -1   0   2  0     2     -1   -1   4   0   21
 144 counter_3_  3   -1   0   2  0     2     -1   -1   4   0   21
 143 counter_2_  3   -1   0   2  0     2     -1   -1   4   0   21
 142 counter_1_  3   -1   0   2  0     2     -1   -1   4   0   21
 141 counter_0_  3   -1   1   2  0     2     -1   -1   4   0   21
 146 counter_5_  3   -1   0   1        2     -1   -1   4   0   21
  10      i_clk  9       -1   0              10   -1
   8   i_btn_0_  1   -1  -1   3  0  1  2      8   -1
   7   i_btn_1_  1   -1  -1   3  0  1  2      7   -1
30 "number of signals after reading design file"

"sig    sig    sig pair blk fan                       PT xor sync"
"num   name   type  sig num out             pin node cnt  PT type"
"---   ----   ---- ---- --- ---             --- ---- --- --- ----"

  29 o_state_1_  5  155   2   0              29   -1   4   0   21
  30 o_state_0_  5  156   2   0              30   -1   2   0   21
  42 o_diodes_7_  0        3   0              42   -1   1   0   21
  41 o_diodes_6_  0        3   0              41   -1   1   0   21
  40 o_diodes_5_  0        3   0              40   -1   1   0   21
  39 o_diodes_4_  0        3   0              39   -1   1   0   21
  38 o_diodes_3_  0        3   0              38   -1   1   0   21
  37 o_diodes_2_  0        3   0              37   -1   1   0   21
  36 o_diodes_1_  0        3   0              36   -1   1   0   21
  35 o_diodes_0_  0        3   0              35   -1   1   0   21
  23  o_clkSlow  0        2   0              23   -1   1   0   21
 155 RN_o_state_1_  3   29   2   4  0  1  2  3  29   -1   4   0   21
 151 pres_counter_3_  3   -1   0   4  0  1  2  3  -1   -1   4   0   21
 150 pres_counter_2_  3   -1   0   4  0  1  2  3  -1   -1   3   0   21
 149 pres_counter_1_  3   -1   0   4  0  1  2  3  -1   -1   2   0   21
 148 pres_counter_0_  3   -1   1   4  0  1  2  3  -1   -1   2   0   21
 144 counter_2_  3   -1   2   3  0  1  2     -1   -1   3   0   21
 143 counter_1_  3   -1   1   3  0  1  2     -1   -1   3   0   21
 142 counter_0_  3   -1   0   3  0  1  2     -1   -1   3   0   21
 156 RN_o_state_0_  3   30   2   3  0  1  2     30   -1   2   0   21
 153 pres_counter_5_  3   -1   1   3     1  2  3  -1   -1   2   0   21
 154 pres_counter_6_  3   -1   2   3     1  2  3  -1   -1   1   0   21
 152 pres_counter_4_  3   -1   1   3     1  2  3  -1   -1   1   1   21
 146 counter_4_  3   -1   1   2     1  2     -1   -1   3   0   21
 145 counter_3_  3   -1   0   2     1  2     -1   -1   3   0   21
 147 counter_5_  3   -1   1   1        2     -1   -1   3   0   21
  10      i_clk  9       -1   0              10   -1
   8   i_btn_0_  1   -1  -1   3  0  1  2      8   -1
   7   i_btn_1_  1   -1  -1   3  0  1  2      7   -1
 141   i_btn_2_  1   -1  -1   3  0  1  2     -1   -1
30 "number of signals after reading design file"

"sig    sig    sig pair blk fan                       PT xor sync"
"num   name   type  sig num out             pin node cnt  PT type"
"---   ----   ---- ---- --- ---             --- ---- --- --- ----"

  30 o_state_0_  5  156   2   0              30   -1   2   0   21
  29 o_state_1_  5  155   2   0              29   -1   2   0   21
  42 o_diodes_7_  0        3   0              42   -1   1   0   21
  41 o_diodes_6_  0        3   0              41   -1   1   0   21
  40 o_diodes_5_  0        3   0              40   -1   1   0   21
  39 o_diodes_4_  0        3   0              39   -1   1   0   21
  38 o_diodes_3_  0        3   0              38   -1   1   0   21
  37 o_diodes_2_  0        3   0              37   -1   1   0   21
  36 o_diodes_1_  0        3   0              36   -1   1   0   21
  35 o_diodes_0_  0        3   0              35   -1   1   0   21
  23  o_clkSlow  0        2   0              23   -1   1   0   21
 151 pres_counter_3_  3   -1   0   4  0  1  2  3  -1   -1   4   0   21
 150 pres_counter_2_  3   -1   0   4  0  1  2  3  -1   -1   3   0   21
 155 RN_o_state_1_  3   29   2   4  0  1  2  3  29   -1   2   0   21
 149 pres_counter_1_  3   -1   0   4  0  1  2  3  -1   -1   2   0   21
 148 pres_counter_0_  3   -1   1   4  0  1  2  3  -1   -1   2   0   21
 144 counter_2_  3   -1   2   3  0  1  2     -1   -1   3   0   21
 143 counter_1_  3   -1   1   3  0  1  2     -1   -1   3   0   21
 142 counter_0_  3   -1   0   3  0  1  2     -1   -1   3   0   21
 156 RN_o_state_0_  3   30   2   3  0  1  2     30   -1   2   0   21
 153 pres_counter_5_  3   -1   1   3     1  2  3  -1   -1   2   0   21
 154 pres_counter_6_  3   -1   2   3     1  2  3  -1   -1   1   0   21
 152 pres_counter_4_  3   -1   1   3     1  2  3  -1   -1   1   1   21
 146 counter_4_  3   -1   1   2     1  2     -1   -1   3   0   21
 145 counter_3_  3   -1   0   2     1  2     -1   -1   3   0   21
 147 counter_5_  3   -1   1   1        2     -1   -1   3   0   21
  10      i_clk  9       -1   0              10   -1
   8   i_btn_0_  1   -1  -1   3  0  1  2      8   -1
   7   i_btn_1_  1   -1  -1   3  0  1  2      7   -1
 141   i_btn_2_  1   -1  -1   3  0  1  2     -1   -1
30 "number of signals after reading design file"

"sig    sig    sig pair blk fan                       PT xor sync"
"num   name   type  sig num out             pin node cnt  PT type"
"---   ----   ---- ---- --- ---             --- ---- --- --- ----"

  30 o_state_0_  5  155   2   0              30   -1   2   0   21
  29 o_state_1_  5  154   2   0              29   -1   2   0   21
  42 o_diodes_7_  0        3   0              42   -1   1   0   21
  41 o_diodes_6_  0        3   0              41   -1   1   0   21
  40 o_diodes_5_  0        3   0              40   -1   1   0   21
  39 o_diodes_4_  0        3   0              39   -1   1   0   21
  38 o_diodes_3_  0        3   0              38   -1   1   0   21
  37 o_diodes_2_  0        3   0              37   -1   1   0   21
  36 o_diodes_1_  0        3   0              36   -1   1   0   21
  35 o_diodes_0_  0        3   0              35   -1   1   0   21
  23  o_clkSlow  0        2   0              23   -1   1   0   21
 150 pres_counter_3_  3   -1   0   4  0  1  2  3  -1   -1   4   0   21
 149 pres_counter_2_  3   -1   0   4  0  1  2  3  -1   -1   3   0   21
 154 RN_o_state_1_  3   29   2   4  0  1  2  3  29   -1   2   0   21
 148 pres_counter_1_  3   -1   0   4  0  1  2  3  -1   -1   2   0   21
 147 pres_counter_0_  3   -1   1   4  0  1  2  3  -1   -1   2   0   21
 143 counter_2_  3   -1   2   3  0  1  2     -1   -1   3   0   21
 142 counter_1_  3   -1   1   3  0  1  2     -1   -1   3   0   21
 141 counter_0_  3   -1   0   3  0  1  2     -1   -1   3   0   21
 155 RN_o_state_0_  3   30   2   3  0  1  2     30   -1   2   0   21
 152 pres_counter_5_  3   -1   1   3     1  2  3  -1   -1   2   0   21
 153 pres_counter_6_  3   -1   2   3     1  2  3  -1   -1   1   0   21
 151 pres_counter_4_  3   -1   1   3     1  2  3  -1   -1   1   1   21
 145 counter_4_  3   -1   1   2     1  2     -1   -1   3   0   21
 144 counter_3_  3   -1   0   2     1  2     -1   -1   3   0   21
 146 counter_5_  3   -1   1   1        2     -1   -1   3   0   21
  10      i_clk  9       -1   0              10   -1
   8   i_btn_0_  1   -1  -1   3  0  1  2      8   -1
   7   i_btn_1_  1   -1  -1   3  0  1  2      7   -1
   6   i_btn_2_  1   -1  -1   3  0  1  2      6   -1