adel -all
# Library contents cleared.
vcom adder1.vhd
# Compile...
# Warning: DAGGEN_0523: The source is compiled without the -dbg switch. Line breakpoints and assertion debug will not be available.
# File: adder1.vhd
# Compile Entity "adder1"
# Compile Architecture "myadder" of Entity "adder1"
# Compile success 0 Errors 0 Warnings  Analysis time :  0.1 [s]
vcom fulladder2x3.vhd
# Compile...
# Warning: DAGGEN_0523: The source is compiled without the -dbg switch. Line breakpoints and assertion debug will not be available.
# File: fulladder2x3.vhd
# Compile Entity "fullAdder2x3"
# Compile Architecture "myFullAdder" of Entity "fullAdder2x3"
# Compile success 0 Errors 0 Warnings  Analysis time :  31.0 [ms]
vcom tb_fulladder2x3.vhd
# Compile...
# Warning: DAGGEN_0523: The source is compiled without the -dbg switch. Line breakpoints and assertion debug will not be available.
# File: tb_fulladder2x3.vhd
# Compile Entity "testbench"
# Compile Architecture "behavior" of Entity "testbench"
# Compile success 0 Errors 0 Warnings  Analysis time :  0.1 [s]
vsim +access +r testbench
# ELBREAD: Elaboration process.
# ELBREAD: Elaboration time 0.0 [s].
# vsim: Stack memory: 32MB
# vsim: Retval memory: 32MB
# 
# KERNEL: Main thread initiated.
# KERNEL: Kernel process initialization phase.
# KERNEL: Time resolution set to 1ps.
# ELAB2: Elaboration final pass...
# ELAB2: Create instances ...
# ELAB2: Create instances complete.
# SLP: Started
# SLP: Elaboration phase ...
# SLP: Elaboration phase ... skipped, nothing to simulate in SLP mode : 0.0 [s]
# SLP: Finished : 0.0 [s]
# ELAB2: Elaboration final pass complete - time: 0.0 [s].
# KERNEL: Warning: You are using the Active-HDL Lattice Edition. The performance of simulation is running at a reduced rate.
# KERNEL: Warning: Contact Aldec for available upgrade options - sales@aldec.com.
# KERNEL: Kernel process initialization done.
# Allocation: Simulator allocated 6845 kB (elbread=1023 elab2=5672 kernel=149 sdf=0)
# KERNEL: ASDB file was created in location C:\ispLever_prj\Task3\work\src\wave.asdb
#  07:20, czwartek, 12 listopada 2020
#  Simulation has been initialized
#  Selected Top-Level: testbench (behavior)
do -tcl tb_fulladder2x3_vhdaf.udo
add wave *
# 3 signal(s) traced.
run 1000 ns
# Waveform file 'untitled.awc' connected to 'C:/ispLever_prj/Task3/work/src/wave.asdb'.
# KERNEL: WARNING: There is an 'U'|'X'|'W'|'Z'|'-' in an arithmetic operand, the result will be 'X'(es).
# KERNEL: Time: 0 ps,  Iteration: 0,  Instance: /testbench/uut/stage0,  Process: line__22.
# KERNEL: WARNING: There is an 'U'|'X'|'W'|'Z'|'-' in an arithmetic operand, the result will be 'X'(es).
# KERNEL: Time: 0 ps,  Iteration: 0,  Instance: /testbench/uut/stage0,  Process: line__22.
# KERNEL: WARNING: There is an 'U'|'X'|'W'|'Z'|'-' in an arithmetic operand, the result will be 'X'(es).
# KERNEL: Time: 0 ps,  Iteration: 0,  Instance: /testbench/uut/stage1,  Process: line__22.
# KERNEL: WARNING: There is an 'U'|'X'|'W'|'Z'|'-' in an arithmetic operand, the result will be 'X'(es).
# KERNEL: Time: 0 ps,  Iteration: 0,  Instance: /testbench/uut/stage1,  Process: line__22.
# KERNEL: WARNING: There is an 'U'|'X'|'W'|'Z'|'-' in an arithmetic operand, the result will be 'X'(es).
# KERNEL: Time: 0 ps,  Iteration: 0,  Instance: /testbench/uut/stage2,  Process: line__22.
# KERNEL: WARNING: There is an 'U'|'X'|'W'|'Z'|'-' in an arithmetic operand, the result will be 'X'(es).
# KERNEL: Time: 0 ps,  Iteration: 0,  Instance: /testbench/uut/stage2,  Process: line__22.
# KERNEL: WARNING: There is an 'U'|'X'|'W'|'Z'|'-' in an arithmetic operand, the result will be 'X'(es).
# KERNEL: Time: 0 ps,  Iteration: 1,  Instance: /testbench/uut/stage2,  Process: line__22.
# KERNEL: WARNING: There is an 'U'|'X'|'W'|'Z'|'-' in an arithmetic operand, the result will be 'X'(es).
# KERNEL: Time: 0 ps,  Iteration: 1,  Instance: /testbench/uut/stage2,  Process: line__22.
# KERNEL: WARNING: There is an 'U'|'X'|'W'|'Z'|'-' in an arithmetic operand, the result will be 'X'(es).
# KERNEL: Time: 0 ps,  Iteration: 1,  Instance: /testbench/uut/stage1,  Process: line__22.
# KERNEL: WARNING: There is an 'U'|'X'|'W'|'Z'|'-' in an arithmetic operand, the result will be 'X'(es).
# KERNEL: Time: 0 ps,  Iteration: 1,  Instance: /testbench/uut/stage1,  Process: line__22.
# KERNEL: WARNING: There is an 'U'|'X'|'W'|'Z'|'-' in an arithmetic operand, the result will be 'X'(es).
# KERNEL: Time: 0 ps,  Iteration: 1,  Instance: /testbench/uut/stage0,  Process: line__22.
# KERNEL: WARNING: There is an 'U'|'X'|'W'|'Z'|'-' in an arithmetic operand, the result will be 'X'(es).
# KERNEL: Time: 0 ps,  Iteration: 1,  Instance: /testbench/uut/stage0,  Process: line__22.
# KERNEL: WARNING: There is an 'U'|'X'|'W'|'Z'|'-' in an arithmetic operand, the result will be 'X'(es).
# KERNEL: Time: 0 ps,  Iteration: 2,  Instance: /testbench/uut/stage2,  Process: line__22.
# KERNEL: WARNING: There is an 'U'|'X'|'W'|'Z'|'-' in an arithmetic operand, the result will be 'X'(es).
# KERNEL: Time: 0 ps,  Iteration: 2,  Instance: /testbench/uut/stage1,  Process: line__22.
# KERNEL: stopped at time: 1 us
# KERNEL: Simulation has finished. There are no more test vectors to simulate.
#  Simulation has been stopped
