adel -all
# Library contents cleared.
vcom sum1b.vhd
# Compile...
# Warning: DAGGEN_0523: The source is compiled without the -dbg switch. Line breakpoints and assertion debug will not be available.
# File: sum1b.vhd
# Compile Entity "sum"
# Compile Architecture "comb" of Entity "sum"
# Error: COMP96_0113: sum1b.vhd : (20, 20): Positional associations must precede named associations.
# Error: COMP96_0126: sum1b.vhd : (20, 12): Associations in array aggregate must be either all named or all positional.
# Error: COMP96_0113: sum1b.vhd : (21, 20): Positional associations must precede named associations.
# Error: COMP96_0126: sum1b.vhd : (21, 12): Associations in array aggregate must be either all named or all positional.
# Compile failure 4 Errors 0 Warnings  Analysis time :  15.0 [ms]
vcom tb_sum.vhd
# Compile...
# Warning: DAGGEN_0523: The source is compiled without the -dbg switch. Line breakpoints and assertion debug will not be available.
# File: tb_sum.vhd
# Compile Entity "testbench"
# Compile Architecture "behavior" of Entity "testbench"
# Compile success 0 Errors 0 Warnings  Analysis time :  31.0 [ms]
vsim +access +r testbench
# ELBREAD: Elaboration process.
# ELBREAD: Warning: Design unit sum instantiated in work.testbench(behavior) not found in searched libraries: work.
# ELBREAD: Elaboration time 0.0 [s].
# vsim: Stack memory: 32MB
# vsim: Retval memory: 32MB
# 
# KERNEL: Main thread initiated.
# KERNEL: Kernel process initialization phase.
# KERNEL: Time resolution set to 1ps.
# ELAB2: Elaboration final pass...
# ELAB2: Create instances ...
# ELBREAD: Warning: Component /testbench/uut : sum not bound.
# ELAB2: Create instances complete.
# SLP: Started
# SLP: Elaboration phase ...
# SLP: Elaboration phase ... skipped, nothing to simulate in SLP mode : 0.0 [s]
# SLP: Finished : 0.0 [s]
# ELAB2: Elaboration final pass complete - time: 0.0 [s].
# KERNEL: Warning: You are using the Active-HDL Lattice Edition. The performance of simulation is running at a reduced rate.
# KERNEL: Warning: Contact Aldec for available upgrade options - sales@aldec.com.
# KERNEL: Kernel process initialization done.
# Allocation: Simulator allocated 5819 kB (elbread=1023 elab2=4645 kernel=149 sdf=0)
# KERNEL: ASDB file was created in location C:\ispLEVER Projects\zadanie1\work\src\wave.asdb
#  08:53, 13 listopada 2018
#  Simulation has been initialized
#  Selected Top-Level: testbench (behavior)
do -tcl tb_sum_vhdaf.udo
add wave *
# 2 signal(s) traced.
run 1000 ns
# Waveform file 'untitled.awc' connected to 'C:/ispLEVER Projects/zadanie1/work/src/wave.asdb'.
# KERNEL: stopped at time: 1 us
# KERNEL: Simulation has finished. There are no more test vectors to simulate.
#  Simulation has been stopped
