
22 "number of signals after reading design file"

"sig    sig    sig pair blk fan                       PT xor sync"
"num   name   type  sig num out             pin node cnt  PT type"
"---   ----   ---- ---- --- ---             --- ---- --- --- ----"

   4    seg7_4_  0        0   0               4   -1   4   0   21
   2    seg7_6_  0        0   0               2   -1   4   0   21
   7    seg7_1_  0        0   0               7   -1   3   0   21
   6    seg7_2_  0        0   0               6   -1   3   0   21
   5    seg7_3_  0        0   0               5   -1   3   0   21
   3    seg7_5_  0        0   0               3   -1   3   0   21
   8    seg7_0_  0        0   0               8   -1   2   0   21
   1    seg7_7_  0        0   0               1   -1   2   0   21
 150 U0_counter_2_  3   -1   2   3     1  2  3  -1   -1   4   0   21
 148 U0_counter_3_  3   -1   1   3     1  2  3  -1   -1   4   0   21
 147 U0_counter_1_  3   -1   3   3     1  2  3  -1   -1   2   0   21
 146 U0_counter_0_  3   -1   3   3     1  2  3  -1   -1   2   0   21
 143 U1_o_number_1_  3   -1   3   3  0  1     3  -1   -1   2   0   20
 142 U1_o_number_0_  3   -1   1   3  0  1     3  -1   -1   1   0   20
 145 U1_o_number_3_  3   -1   1   2  0  1        -1   -1   4   0   20
 144 U1_o_number_2_  3   -1   1   2  0  1        -1   -1   3   0   20
 152 U0_counter_6_  3   -1   2   2        2  3  -1   -1   2   0   21
 151 U0_counter_5_  3   -1   2   2        2  3  -1   -1   2   0   21
 149 U0_counter_4_  3   -1   3   2        2  3  -1   -1   1   1   21
 141   U0_clk_1  3   -1   2   2     1     3  -1   -1   1   0   21
  10        clk  9       -1   0              10   -1
  35       zero  1   -1  -1   2     1     3  35   -1
22 "number of signals after reading design file"

"sig    sig    sig pair blk fan                       PT xor sync"
"num   name   type  sig num out             pin node cnt  PT type"
"---   ----   ---- ---- --- ---             --- ---- --- --- ----"

   4    seg7_4_  0        0   0               4   -1   4   0   21
   2    seg7_6_  0        0   0               2   -1   4   0   21
   7    seg7_1_  0        0   0               7   -1   3   0   21
   6    seg7_2_  0        0   0               6   -1   3   0   21
   5    seg7_3_  0        0   0               5   -1   3   0   21
   3    seg7_5_  0        0   0               3   -1   3   0   21
   8    seg7_0_  0        0   0               8   -1   2   0   21
   1    seg7_7_  0        0   0               1   -1   2   0   21
 149 U0_counter_3_  3   -1   3   2     1     3  -1   -1   5   0   21
 148 U0_counter_2_  3   -1   3   2     1     3  -1   -1   4   0   21
 145 U1_o_number_3_  3   -1   2   2  0     2     -1   -1   4   0   20
 147 U0_counter_1_  3   -1   1   2     1     3  -1   -1   3   0   21
 146 U0_counter_0_  3   -1   3   2     1     3  -1   -1   3   0   21
 144 U1_o_number_2_  3   -1   2   2  0     2     -1   -1   3   0   20
 152 U0_counter_6_  3   -1   1   2     1     3  -1   -1   2   0   21
 151 U0_counter_5_  3   -1   1   2     1     3  -1   -1   2   0   21
 143 U1_o_number_1_  3   -1   2   2  0     2     -1   -1   2   0   20
 150 U0_counter_4_  3   -1   3   2     1     3  -1   -1   1   1   21
 142 U1_o_number_0_  3   -1   2   2  0     2     -1   -1   1   0   20
 141   U0_clk_1  3   -1   1   1        2     -1   -1   2   0   21
  10        clk  9       -1   0              10   -1
  42 i_prescalerSelect  1   -1  -1   2     1     3  42   -1
26 "number of signals after reading design file"

"sig    sig    sig pair blk fan                       PT xor sync"
"num   name   type  sig num out             pin node cnt  PT type"
"---   ----   ---- ---- --- ---             --- ---- --- --- ----"

   5    seg7_3_  5  153   0   0               5   -1   4   0   20
   7    seg7_1_  5  155   0   0               7   -1   3   0   20
   6    seg7_2_  5  154   0   0               6   -1   3   0   20
   3    seg7_5_  5  151   0   0               3   -1   3   0   20
   1    seg7_7_  5  149   0   0               1   -1   2   0   20
   8    seg7_0_  5  156   0   0               8   -1   1   0   20
   4    seg7_4_  5  152   0   0               4   -1   1   1   20
   2    seg7_6_  5  150   0   0               2   -1   1   0   20
 145 U0_counter_3_  3   -1   2   3     1  2  3  -1   -1   5   0   21
 144 U0_counter_2_  3   -1   3   3     1  2  3  -1   -1   4   0   21
 143 U0_counter_1_  3   -1   1   3     1  2  3  -1   -1   3   0   21
 142 U0_counter_0_  3   -1   2   3     1  2  3  -1   -1   3   0   21
 148 U0_counter_6_  3   -1   3   3     1  2  3  -1   -1   2   0   21
 147 U0_counter_5_  3   -1   1   3     1  2  3  -1   -1   2   0   21
 146 U0_counter_4_  3   -1   1   3     1  2  3  -1   -1   1   1   21
 153 RN_seg7_3_  3    5   0   1  0            5   -1   4   0   20
 155 RN_seg7_1_  3    7   0   1  0            7   -1   3   0   20
 154 RN_seg7_2_  3    6   0   1  0            6   -1   3   0   20
 151 RN_seg7_5_  3    3   0   1  0            3   -1   3   0   20
 149 RN_seg7_7_  3    1   0   1  0            1   -1   2   0   20
 141   U0_clk_1  3   -1   2   1  0           -1   -1   2   0   21
 156 RN_seg7_0_  3    8   0   1  0            8   -1   1   0   20
 152 RN_seg7_4_  3    4   0   1  0            4   -1   1   1   20
 150 RN_seg7_6_  3    2   0   1  0            2   -1   1   0   20
  10        clk  9       -1   0              10   -1
  42 i_prescalerSelect  1   -1  -1   3     1  2  3  42   -1
36 "number of signals after reading design file"

"sig    sig    sig pair blk fan                       PT xor sync"
"num   name   type  sig num out             pin node cnt  PT type"
"---   ----   ---- ---- --- ---             --- ---- --- --- ----"

  42  clock_out  5  150   3   0              42   -1   7   0   21
   5    seg7_3_  5  154   0   0               5   -1   4   0   20
   7    seg7_1_  5  156   0   0               7   -1   3   0   20
   6    seg7_2_  5  155   0   0               6   -1   3   0   20
   3    seg7_5_  5  152   0   0               3   -1   3   0   20
   1    seg7_7_  5  149   0   0               1   -1   2   0   20
  41         BI  0        3   0              41   -1   1   0   21
  40         LD  0        3   0              40   -1   1   0   21
   8    seg7_0_  5  157   0   0               8   -1   1   0   20
   4    seg7_4_  5  153   0   0               4   -1   1   1   20
   2    seg7_6_  5  151   0   0               2   -1   1   0   20
 145 U0_counter_4_  3   -1   2   3     1  2  3  -1   -1  13   0   21
 146 U0_counter_5_  3   -1   1   3     1  2  3  -1   -1  10   0   21
 147 U0_counter_6_  3   -1   2   3     1  2  3  -1   -1   9   0   21
 148 u0_zegar_counter_4_n  3   -1   1   3     1  2  3  -1   -1   8   0   21
 141 U0_counter_0_  3   -1   1   2     1  2     -1   -1  13   0   21
 144 U0_counter_3_  3   -1   2   2     1  2     -1   -1  12   0   21
 143 U0_counter_2_  3   -1   2   2     1  2     -1   -1  11   0   21
 142 U0_counter_1_  3   -1   1   2     1  2     -1   -1  10   0   21
 150 RN_clock_out  3   42   3   1  0           42   -1   7   0   21
 154 RN_seg7_3_  3    5   0   1  0            5   -1   4   0   20
 156 RN_seg7_1_  3    7   0   1  0            7   -1   3   0   20
 155 RN_seg7_2_  3    6   0   1  0            6   -1   3   0   20
 152 RN_seg7_5_  3    3   0   1  0            3   -1   3   0   20
 149 RN_seg7_7_  3    1   0   1  0            1   -1   2   0   20
 157 RN_seg7_0_  3    8   0   1  0            8   -1   1   0   20
 153 RN_seg7_4_  3    4   0   1  0            4   -1   1   1   20
 151 RN_seg7_6_  3    2   0   1  0            2   -1   1   0   20
  10        clk  9       -1   0              10   -1
  19 i_prescalerSelect_6_  1   -1  -1   3     1  2  3  19   -1
  18 i_prescalerSelect_5_  1   -1  -1   3     1  2  3  18   -1
  17 i_prescalerSelect_4_  1   -1  -1   3     1  2  3  17   -1
  16 i_prescalerSelect_3_  1   -1  -1   1     1        16   -1
  15 i_prescalerSelect_2_  1   -1  -1   1     1        15   -1
  14 i_prescalerSelect_1_  1   -1  -1   1     1        14   -1
  13 i_prescalerSelect_0_  1   -1  -1   1     1        13   -1
36 "number of signals after reading design file"

"sig    sig    sig pair blk fan                       PT xor sync"
"num   name   type  sig num out             pin node cnt  PT type"
"---   ----   ---- ---- --- ---             --- ---- --- --- ----"

  42  clock_out  5  150   3   0              42   -1   7   0   21
   5    seg7_3_  5  154   0   0               5   -1   4   0   20
   7    seg7_1_  5  156   0   0               7   -1   3   0   20
   6    seg7_2_  5  155   0   0               6   -1   3   0   20
   3    seg7_5_  5  152   0   0               3   -1   3   0   20
   1    seg7_7_  5  149   0   0               1   -1   2   0   20
  41         BI  0        3   0              41   -1   1   0   21
  40         LD  0        3   0              40   -1   1   0   21
   8    seg7_0_  5  157   0   0               8   -1   1   0   20
   4    seg7_4_  5  153   0   0               4   -1   1   1   20
   2    seg7_6_  5  151   0   0               2   -1   1   0   20
 145 U0_counter_4_  3   -1   2   3     1  2  3  -1   -1  13   0   21
 146 U0_counter_5_  3   -1   1   3     1  2  3  -1   -1  10   0   21
 147 U0_counter_6_  3   -1   2   3     1  2  3  -1   -1   9   0   21
 148 u0_zegar_counter_4_n  3   -1   1   3     1  2  3  -1   -1   8   0   21
 141 U0_counter_0_  3   -1   1   2     1  2     -1   -1  13   0   21
 144 U0_counter_3_  3   -1   2   2     1  2     -1   -1  12   0   21
 143 U0_counter_2_  3   -1   2   2     1  2     -1   -1  11   0   21
 142 U0_counter_1_  3   -1   1   2     1  2     -1   -1  10   0   21
 150 RN_clock_out  3   42   3   1  0           42   -1   7   0   21
 154 RN_seg7_3_  3    5   0   1  0            5   -1   4   0   20
 156 RN_seg7_1_  3    7   0   1  0            7   -1   3   0   20
 155 RN_seg7_2_  3    6   0   1  0            6   -1   3   0   20
 152 RN_seg7_5_  3    3   0   1  0            3   -1   3   0   20
 149 RN_seg7_7_  3    1   0   1  0            1   -1   2   0   20
 157 RN_seg7_0_  3    8   0   1  0            8   -1   1   0   20
 153 RN_seg7_4_  3    4   0   1  0            4   -1   1   1   20
 151 RN_seg7_6_  3    2   0   1  0            2   -1   1   0   20
  10        clk  9       -1   0              10   -1
  19 i_prescalerSelect_6_  1   -1  -1   3     1  2  3  19   -1
  18 i_prescalerSelect_5_  1   -1  -1   3     1  2  3  18   -1
  17 i_prescalerSelect_4_  1   -1  -1   3     1  2  3  17   -1
  16 i_prescalerSelect_3_  1   -1  -1   1     1        16   -1
  15 i_prescalerSelect_2_  1   -1  -1   1     1        15   -1
  14 i_prescalerSelect_1_  1   -1  -1   1     1        14   -1
  13 i_prescalerSelect_0_  1   -1  -1   1     1        13   -1
39 "number of signals after reading design file"

"sig    sig    sig pair blk fan                       PT xor sync"
"num   name   type  sig num out             pin node cnt  PT type"
"---   ----   ---- ---- --- ---             --- ---- --- --- ----"

   5    seg7_3_  5  157   0   0               5   -1   4   0   20
   3    seg7_5_  5  155   0   0               3   -1   4   0   20
   2    seg7_6_  5  154   0   0               2   -1   4   0   20
  42  clock_out  5  153   3   0              42   -1   3   0   21
   6    seg7_2_  5  158   0   0               6   -1   3   0   20
   7    seg7_1_  5  159   0   0               7   -1   2   0   20
   4    seg7_4_  5  156   0   0               4   -1   2   0   20
   1    seg7_7_  5  152   0   0               1   -1   2   1   20
  41         BI  0        3   0              41   -1   1   0   21
  40         LD  0        3   0              40   -1   1   0   21
   8    seg7_0_  5  160   0   0               8   -1   1   0   20
 150 u0_zegar_counter_4_n  3   -1   3   3     1  2  3  -1   -1   8   0   21
 151 u0_zegar_counter_5_n  3   -1   2   3     1  2  3  -1   -1   6   0   21
 157 RN_seg7_3_  3    5   0   2  0  1         5   -1   4   0   20
 144 U0_counter_2_  3   -1   1   2     1     3  -1   -1   4   0   21
 158 RN_seg7_2_  3    6   0   2  0  1         6   -1   3   0   20
 153 RN_clock_out  3   42   3   2  0        3  42   -1   3   0   21
 145 U0_counter_3_  3   -1   2   2        2  3  -1   -1   3   0   21
 143 U0_counter_1_  3   -1   1   2     1     3  -1   -1   3   0   21
 159 RN_seg7_1_  3    7   0   2  0  1         7   -1   2   0   20
 142 U0_counter_0_  3   -1   1   2     1     3  -1   -1   2   0   21
 160 RN_seg7_0_  3    8   0   2  0  1         8   -1   1   0   20
 149 u0_n_33_0_n  3   -1   1   2     1  2     -1   -1   1   0   21
 147 U0_counter_5_  3   -1   2   1        2     -1   -1   5   0   21
 155 RN_seg7_5_  3    3   0   1  0            3   -1   4   0   20
 154 RN_seg7_6_  3    2   0   1  0            2   -1   4   0   20
 146 U0_counter_4_  3   -1   2   1        2     -1   -1   4   0   21
 148 U0_counter_6_  3   -1   2   1        2     -1   -1   3   0   21
 156 RN_seg7_4_  3    4   0   1  0            4   -1   2   0   20
 152 RN_seg7_7_  3    1   0   1  0            1   -1   2   1   20
 141 u1_op_eq_dsec6_n  3   -1   1   1  0           -1   -1   1   0   21
  10        clk  9       -1   0              10   -1
  19 i_prescalerSelect_6_  1   -1  -1   1        2     19   -1
  18 i_prescalerSelect_5_  1   -1  -1   1        2     18   -1
  17 i_prescalerSelect_4_  1   -1  -1   1        2     17   -1
  16 i_prescalerSelect_3_  1   -1  -1   1           3  16   -1
  15 i_prescalerSelect_2_  1   -1  -1   1           3  15   -1
  14 i_prescalerSelect_1_  1   -1  -1   1           3  14   -1
  13 i_prescalerSelect_0_  1   -1  -1   1           3  13   -1