Running in Lattice mode


Starting:    C:\ispLEVER_Classic2_0\synpbase\win64\mbin\synbatch.exe
Install:     C:\ispLEVER_Classic2_0\synpbase
Date:        Mon Oct 28 12:04:46 2019
Version:     I-2014.03LC 

Arguments:   -product synplify_pro  -batch c:/users/strak.desktop-d9mddlk/documents/isplever projects/zadanie3\top.prj
ProductType: synplify_pro





log file: "C:\users\strak.desktop-d9mddlk\documents\isplever projects\zadanie3\top.srr"

Running top|zadanie3

Running: Compile on top|zadanie3

Running: Compile Process on top|zadanie3

Running: Compile Input on top|zadanie3
Copied C:\users\strak.desktop-d9mddlk\documents\isplever projects\zadanie3\synwork\top_comp.srs to C:\users\strak.desktop-d9mddlk\documents\isplever projects\zadanie3\top.srs
compiler Completed
Return Code: 0
Run Time:0h:00m:01s

Running: Multi-srs Generator on top|zadanie3
Copied C:\users\strak.desktop-d9mddlk\documents\isplever projects\zadanie3\synwork\top_comp.srs to C:\users\strak.desktop-d9mddlk\documents\isplever projects\zadanie3\synwork\top_s.srs
multi_srs_gen Completed
Return Code: 0
Run Time:0h:00m:01s
Copied C:\users\strak.desktop-d9mddlk\documents\isplever projects\zadanie3\synwork\top_mult.srs to C:\users\strak.desktop-d9mddlk\documents\isplever projects\zadanie3\top.srs
Copied C:\users\strak.desktop-d9mddlk\documents\isplever projects\zadanie3\top.srr to C:\users\strak.desktop-d9mddlk\documents\isplever projects\zadanie3\top.srf
Complete: Compile Process on top|zadanie3
Complete: Compile on top|zadanie3

Running: Map on top|zadanie3

Running: Map & Optimize on top|zadanie3
fpga_mapper Completed
Return Code: 0
Run Time:0h:00m:00s
Complete: Map on top|zadanie3
Complete: Logic Synthesis on top|zadanie3

exit status=0

exit status=0

