Running in Lattice mode


Starting:    C:\ispLEVER_Classic2_0\synpbase\win64\mbin\synbatch.exe
Install:     C:\ispLEVER_Classic2_0\synpbase
Date:        Tue Oct 29 15:16:48 2019
Version:     I-2014.03LC 

Arguments:   -product synplify_pro  -batch c:/users/strak.desktop-d9mddlk/documents/isplever projects/example_calculator\calculator.prj
ProductType: synplify_pro





log file: "C:\users\strak.desktop-d9mddlk\documents\isplever projects\example_calculator\calculator.srr"

Running calculator|example_calculator

Running: Compile on calculator|example_calculator

Running: Compile Process on calculator|example_calculator

Running: Compile Input on calculator|example_calculator
Copied C:\users\strak.desktop-d9mddlk\documents\isplever projects\example_calculator\synwork\calculator_comp.srs to C:\users\strak.desktop-d9mddlk\documents\isplever projects\example_calculator\calculator.srs
compiler Completed
Return Code: 0
Run Time:0h:00m:01s

Running: Multi-srs Generator on calculator|example_calculator
Copied C:\users\strak.desktop-d9mddlk\documents\isplever projects\example_calculator\synwork\calculator_comp.srs to C:\users\strak.desktop-d9mddlk\documents\isplever projects\example_calculator\synwork\calculator_s.srs
multi_srs_gen Completed
Return Code: 0
Run Time:0h:00m:00s
Copied C:\users\strak.desktop-d9mddlk\documents\isplever projects\example_calculator\synwork\calculator_mult.srs to C:\users\strak.desktop-d9mddlk\documents\isplever projects\example_calculator\calculator.srs
Copied C:\users\strak.desktop-d9mddlk\documents\isplever projects\example_calculator\calculator.srr to C:\users\strak.desktop-d9mddlk\documents\isplever projects\example_calculator\calculator.srf
Complete: Compile Process on calculator|example_calculator
Complete: Compile on calculator|example_calculator

Running: Map on calculator|example_calculator

Running: Map & Optimize on calculator|example_calculator
fpga_mapper Completed with warnings
Return Code: 1
Run Time:0h:00m:00s
Complete: Map on calculator|example_calculator
Complete: Logic Synthesis on calculator|example_calculator

exit status=0

exit status=0

