Running in Lattice mode


Starting:    C:\ispLEVER_Classic2_0\synpbase\win64\mbin\synbatch.exe
Install:     C:\ispLEVER_Classic2_0\synpbase
Date:        Tue Jan 15 14:36:55 2019
Version:     I-2014.03LC 

Arguments:   -product synplify_pro  -batch d:/isplever projects/zadanie9_ok\stateMachine1.prj
ProductType: synplify_pro





log file: "D:\isplever projects\zadanie9_ok\stateMachine1.srr"

Running stateMachine1|zadanie9_ok

Running: Compile on stateMachine1|zadanie9_ok

Running: Compile Process on stateMachine1|zadanie9_ok

Running: Compile Input on stateMachine1|zadanie9_ok
Copied D:\isplever projects\zadanie9_ok\synwork\stateMachine1_comp.srs to D:\isplever projects\zadanie9_ok\stateMachine1.srs
compiler Completed
Return Code: 0
Run Time:0h:00m:01s

Running: Multi-srs Generator on stateMachine1|zadanie9_ok
Copied D:\isplever projects\zadanie9_ok\synwork\stateMachine1_comp.srs to D:\isplever projects\zadanie9_ok\synwork\stateMachine1_s.srs
multi_srs_gen Completed
Return Code: 0
Run Time:0h:00m:00s
Copied D:\isplever projects\zadanie9_ok\synwork\stateMachine1_mult.srs to D:\isplever projects\zadanie9_ok\stateMachine1.srs
Copied D:\isplever projects\zadanie9_ok\stateMachine1.srr to D:\isplever projects\zadanie9_ok\statemachine1.srf
Complete: Compile Process on stateMachine1|zadanie9_ok
Complete: Compile on stateMachine1|zadanie9_ok

Running: Map on stateMachine1|zadanie9_ok

Running: Map & Optimize on stateMachine1|zadanie9_ok
fpga_mapper Completed
Return Code: 0
Run Time:0h:00m:01s
Complete: Map on stateMachine1|zadanie9_ok
Copied D:\isplever projects\zadanie9_ok\stateMachine1.srr to D:\isplever projects\zadanie9_ok\statemachine1.srf
Complete: Logic Synthesis on stateMachine1|zadanie9_ok

exit status=0

exit status=0

