adel -all
# Library contents cleared.
vcom statemachine_initialcode.vhd
# Compile...
# Warning: DAGGEN_0523: The source is compiled without the -dbg switch. Line breakpoints and assertion debug will not be available.
# File: statemachine_initialcode.vhd
# Compile Entity "stateMachineInit"
# Compile Architecture "sequential" of Entity "stateMachineInit"
# Compile success 0 Errors 0 Warnings  Analysis time :  63.0 [ms]
vcom tb_statemachineinit.vhd
# Compile...
# Warning: DAGGEN_0523: The source is compiled without the -dbg switch. Line breakpoints and assertion debug will not be available.
# File: tb_statemachineinit.vhd
# Compile Entity "testbench"
# Compile Architecture "behavior" of Entity "testbench"
# Compile success 0 Errors 0 Warnings  Analysis time :  63.0 [ms]
vsim +access +r testbench
# ELBREAD: Elaboration process.
# ELBREAD: Elaboration time 0.0 [s].
# vsim: Stack memory: 32MB
# vsim: Retval memory: 32MB
# 
# KERNEL: Main thread initiated.
# KERNEL: Kernel process initialization phase.
# KERNEL: Time resolution set to 1ps.
# ELAB2: Elaboration final pass...
# ELAB2: Create instances ...
# ELAB2: Create instances complete.
# SLP: Started
# SLP: Elaboration phase ...
# SLP: Elaboration phase ... skipped, nothing to simulate in SLP mode : 0.0 [s]
# SLP: Finished : 0.0 [s]
# ELAB2: Elaboration final pass complete - time: 0.0 [s].
# KERNEL: Warning: You are using the Active-HDL Lattice Edition. The performance of simulation is running at a reduced rate.
# KERNEL: Warning: Contact Aldec for available upgrade options - sales@aldec.com.
# KERNEL: Kernel process initialization done.
# Allocation: Simulator allocated 5820 kB (elbread=1023 elab2=4647 kernel=149 sdf=0)
# KERNEL: ASDB file was created in location C:\ispLever_prj\programmable_devices\Task6_remote\work\src\wave.asdb
#  15:03, czwartek, 12 listopada 2020
#  Simulation has been initialized
#  Selected Top-Level: testbench (behavior)
do -tcl tb_statemachineinit_vhdaf.udo
add wave *
# 3 signal(s) traced.
run 1000 ns
# Waveform file 'untitled.awc' connected to 'C:/ispLever_prj/programmable_devices/Task6_remote/work/src/wave.asdb'.
# KERNEL: stopped at time: 1 us
#  Simulation has been stopped
