adel -all
# Library contents cleared.
vcom clk_prescaler.vhd
# Compile...
# Warning: DAGGEN_0523: The source is compiled without the -dbg switch. Line breakpoints and assertion debug will not be available.
# File: clk_prescaler.vhd
# Compile Entity "clk_prescaler"
# Compile Architecture "prescaler" of Entity "clk_prescaler"
# Compile success 0 Errors 0 Warnings  Analysis time :  94.0 [ms]
vcom statemachine1.vhd
# Compile...
# Warning: DAGGEN_0523: The source is compiled without the -dbg switch. Line breakpoints and assertion debug will not be available.
# File: statemachine1.vhd
# Compile Entity "stateMachine1"
# Compile Architecture "sequential" of Entity "stateMachine1"
# Compile success 0 Errors 0 Warnings  Analysis time :  78.0 [ms]
vcom tb_statemachine1.vhd
# Compile...
# Warning: DAGGEN_0523: The source is compiled without the -dbg switch. Line breakpoints and assertion debug will not be available.
# File: tb_statemachine1.vhd
# Compile Entity "testbench"
# Compile Architecture "behavior" of Entity "testbench"
# Compile success 0 Errors 0 Warnings  Analysis time :  0.1 [s]
vsim +access +r testbench
# ELBREAD: Elaboration process.
# ELBREAD: Elaboration time 0.0 [s].
# vsim: Stack memory: 32MB
# vsim: Retval memory: 32MB
# 
# KERNEL: Main thread initiated.
# KERNEL: Kernel process initialization phase.
# KERNEL: Time resolution set to 1ps.
# ELAB2: Elaboration final pass...
# ELAB2: Create instances ...
# ELAB2: Create instances complete.
# SLP: Started
# SLP: Elaboration phase ...
# SLP: Elaboration phase ... skipped, nothing to simulate in SLP mode : 0.0 [s]
# SLP: Finished : 0.0 [s]
# ELAB2: Elaboration final pass complete - time: 0.0 [s].
# KERNEL: Warning: You are using the Active-HDL Lattice Edition. The performance of simulation is running at a reduced rate.
# KERNEL: Warning: Contact Aldec for available upgrade options - sales@aldec.com.
# KERNEL: Kernel process initialization done.
# Allocation: Simulator allocated 6847 kB (elbread=1023 elab2=5673 kernel=149 sdf=0)
# KERNEL: ASDB file was created in location D:\ispLEVER Projects\zadanie9_ok\work\src\wave.asdb
#  14:38, wtorek, 15 stycznia 2019
#  Simulation has been initialized
#  Selected Top-Level: testbench (behavior)
do -tcl tb_statemachine1_vhdaf.udo
add wave *
# 4 signal(s) traced.
run 1000 ns
# Waveform file 'untitled.awc' connected to 'D:/ispLEVER Projects/zadanie9_ok/work/src/wave.asdb'.
# KERNEL: WARNING: There is an 'U'|'X'|'W'|'Z'|'-' in an arithmetic operand, the result will be 'X'(es).
# KERNEL: Time: 0 ps,  Iteration: 0,  Instance: /testbench/uut,  Process: stateDecode.
# KERNEL: stopped at time: 1 us
run
# KERNEL: stopped at time: 95951325 ns
#  Simulation has been stopped
