
13 "number of signals after reading design file"

"sig    sig    sig pair blk fan                       PT xor sync"
"num   name   type  sig num out             pin node cnt  PT type"
"---   ----   ---- ---- --- ---             --- ---- --- --- ----"

   4    seg7_4_  0        0   0               4   -1   4   0   21
   2    seg7_6_  0        0   0               2   -1   4   0   21
   7    seg7_1_  0        0   0               7   -1   3   0   21
   6    seg7_2_  0        0   0               6   -1   3   0   21
   5    seg7_3_  0        0   0               5   -1   3   0   21
   3    seg7_5_  0        0   0               3   -1   3   0   21
   8    seg7_0_  0        0   0               8   -1   2   0   21
   1    seg7_7_  0        0   0               1   -1   2   0   21
 142 U1_o_number_1_  3   -1   1   4  0  1  2  3  -1   -1   2   0   21
 141 U1_o_number_0_  3   -1   3   4  0  1  2  3  -1   -1   1   0   21
 143 U1_o_number_2_  3   -1   2   3  0     2  3  -1   -1   3   0   21
 144 U1_o_number_3_  3   -1   3   2  0        3  -1   -1   4   0   21
  10        clk  9       -1   0              10   -1
13 "number of signals after reading design file"

"sig    sig    sig pair blk fan                       PT xor sync"
"num   name   type  sig num out             pin node cnt  PT type"
"---   ----   ---- ---- --- ---             --- ---- --- --- ----"

   4    seg7_4_  0        0   0               4   -1   4   0   21
   2    seg7_6_  0        0   0               2   -1   4   0   21
   7    seg7_1_  0        0   0               7   -1   3   0   21
   6    seg7_2_  0        0   0               6   -1   3   0   21
   5    seg7_3_  0        0   0               5   -1   3   0   21
   3    seg7_5_  0        0   0               3   -1   3   0   21
   8    seg7_0_  0        0   0               8   -1   2   0   21
   1    seg7_7_  0        0   0               1   -1   2   0   21
 142 U1_o_number_1_  3   -1   1   4  0  1  2  3  -1   -1   2   0   21
 141 U1_o_number_0_  3   -1   3   4  0  1  2  3  -1   -1   1   0   21
 143 U1_o_number_2_  3   -1   2   3  0     2  3  -1   -1   3   0   21
 144 U1_o_number_3_  3   -1   3   2  0        3  -1   -1   4   0   21
  10        clk  9       -1   0              10   -1
13 "number of signals after reading design file"

"sig    sig    sig pair blk fan                       PT xor sync"
"num   name   type  sig num out             pin node cnt  PT type"
"---   ----   ---- ---- --- ---             --- ---- --- --- ----"

   4    seg7_4_  0        0   0               4   -1   4   0   21
   2    seg7_6_  0        0   0               2   -1   4   0   21
   7    seg7_1_  0        0   0               7   -1   3   0   21
   6    seg7_2_  0        0   0               6   -1   3   0   21
   5    seg7_3_  0        0   0               5   -1   3   0   21
   3    seg7_5_  0        0   0               3   -1   3   0   21
   8    seg7_0_  0        0   0               8   -1   2   0   21
   1    seg7_7_  0        0   0               1   -1   2   0   21
 142 U1_counter_1_  3   -1   1   4  0  1  2  3  -1   -1   2   0   21
 141 U1_counter_0_  3   -1   3   4  0  1  2  3  -1   -1   1   0   21
 143 U1_counter_2_  3   -1   2   3  0     2  3  -1   -1   3   0   21
 144 U1_counter_3_  3   -1   3   2  0        3  -1   -1   4   0   21
  10        clk  9       -1   0              10   -1
13 "number of signals after reading design file"

"sig    sig    sig pair blk fan                       PT xor sync"
"num   name   type  sig num out             pin node cnt  PT type"
"---   ----   ---- ---- --- ---             --- ---- --- --- ----"

   4    seg7_4_  0        0   0               4   -1   4   0   21
   2    seg7_6_  0        0   0               2   -1   4   0   21
   7    seg7_1_  0        0   0               7   -1   3   0   21
   6    seg7_2_  0        0   0               6   -1   3   0   21
   5    seg7_3_  0        0   0               5   -1   3   0   21
   3    seg7_5_  0        0   0               3   -1   3   0   21
   8    seg7_0_  0        0   0               8   -1   2   0   21
   1    seg7_7_  0        0   0               1   -1   2   0   21
 142 U1_o_number_1_  3   -1   1   4  0  1  2  3  -1   -1   2   0   21
 141 U1_o_number_0_  3   -1   3   4  0  1  2  3  -1   -1   1   0   21
 143 U1_o_number_2_  3   -1   2   3  0     2  3  -1   -1   3   0   21
 144 U1_o_number_3_  3   -1   3   2  0        3  -1   -1   4   0   21
  10        clk  9       -1   0              10   -1
13 "number of signals after reading design file"

"sig    sig    sig pair blk fan                       PT xor sync"
"num   name   type  sig num out             pin node cnt  PT type"
"---   ----   ---- ---- --- ---             --- ---- --- --- ----"

   4    seg7_4_  0        0   0               4   -1   4   0   21
   2    seg7_6_  0        0   0               2   -1   4   0   21
   7    seg7_1_  0        0   0               7   -1   3   0   21
   6    seg7_2_  0        0   0               6   -1   3   0   21
   5    seg7_3_  0        0   0               5   -1   3   0   21
   3    seg7_5_  0        0   0               3   -1   3   0   21
   8    seg7_0_  0        0   0               8   -1   2   0   21
   1    seg7_7_  0        0   0               1   -1   2   0   21
 142 U1_o_number_1_  3   -1   1   4  0  1  2  3  -1   -1   2   0   21
 141 U1_o_number_0_  3   -1   3   4  0  1  2  3  -1   -1   1   0   21
 143 U1_o_number_2_  3   -1   2   3  0     2  3  -1   -1   3   0   21
 144 U1_o_number_3_  3   -1   3   2  0        3  -1   -1   4   0   21
  10        clk  9       -1   0              10   -1
14 "number of signals after reading design file"

"sig    sig    sig pair blk fan                       PT xor sync"
"num   name   type  sig num out             pin node cnt  PT type"
"---   ----   ---- ---- --- ---             --- ---- --- --- ----"

   4    seg7_4_  0        0   0               4   -1   4   0   21
   2    seg7_6_  0        0   0               2   -1   4   0   21
   7    seg7_1_  0        0   0               7   -1   3   0   21
   6    seg7_2_  0        0   0               6   -1   3   0   21
   5    seg7_3_  0        0   0               5   -1   3   0   21
   3    seg7_5_  0        0   0               3   -1   3   0   21
   8    seg7_0_  0        0   0               8   -1   2   0   21
   1    seg7_7_  0        0   0               1   -1   2   0   21
 142 U1_o_number_1_  3   -1   1   4  0  1  2  3  -1   -1   2   0   20
 141 U1_o_number_0_  3   -1   3   4  0  1  2  3  -1   -1   1   0   20
 143 U1_o_number_2_  3   -1   2   3  0     2  3  -1   -1   3   0   20
 144 U1_o_number_3_  3   -1   3   2  0        3  -1   -1   4   0   20
  36       zero  1   -1  -1   3     1  2  3  36   -1
  35        clk  1   -1  -1   3     1  2  3  35   -1
14 "number of signals after reading design file"

"sig    sig    sig pair blk fan                       PT xor sync"
"num   name   type  sig num out             pin node cnt  PT type"
"---   ----   ---- ---- --- ---             --- ---- --- --- ----"

   4    seg7_4_  0        0   0               4   -1   4   0   21
   2    seg7_6_  0        0   0               2   -1   4   0   21
   7    seg7_1_  0        0   0               7   -1   3   0   21
   6    seg7_2_  0        0   0               6   -1   3   0   21
   5    seg7_3_  0        0   0               5   -1   3   0   21
   3    seg7_5_  0        0   0               3   -1   3   0   21
   8    seg7_0_  0        0   0               8   -1   2   0   21
   1    seg7_7_  0        0   0               1   -1   2   0   21
 142 U1_o_number_1_  3   -1   1   4  0  1  2  3  -1   -1   2   0   20
 141 U1_o_number_0_  3   -1   3   4  0  1  2  3  -1   -1   1   0   20
 143 U1_o_number_2_  3   -1   2   3  0     2  3  -1   -1   3   0   20
 144 U1_o_number_3_  3   -1   3   2  0        3  -1   -1   4   0   20
  36       zero  1   -1  -1   3     1  2  3  36   -1
  35        clk  1   -1  -1   3     1  2  3  35   -1