Running in Lattice mode


Starting:    C:\ispLEVER_Classic2_0\synpbase\win64\mbin\synbatch.exe
Install:     C:\ispLEVER_Classic2_0\synpbase
Date:        Wed Nov 21 09:27:54 2018
Version:     I-2014.03LC 

Arguments:   -product synplify_pro  -batch c:/isplever projects/zadanie2\top.prj
ProductType: synplify_pro





log file: "C:\isplever projects\zadanie2\top.srr"

Running top|zadanie2

Running: Compile on top|zadanie2

Running: Compile Process on top|zadanie2

Running: Compile Input on top|zadanie2
Copied C:\isplever projects\zadanie2\synwork\top_comp.srs to C:\isplever projects\zadanie2\top.srs
compiler Completed
Return Code: 0
Run Time:0h:00m:01s

Running: Multi-srs Generator on top|zadanie2
Copied C:\isplever projects\zadanie2\synwork\top_comp.srs to C:\isplever projects\zadanie2\synwork\top_s.srs
multi_srs_gen Completed
Return Code: 0
Run Time:0h:00m:01s
Copied C:\isplever projects\zadanie2\synwork\top_mult.srs to C:\isplever projects\zadanie2\top.srs
Copied C:\isplever projects\zadanie2\top.srr to C:\isplever projects\zadanie2\top.srf
Complete: Compile Process on top|zadanie2
Complete: Compile on top|zadanie2

Running: Map on top|zadanie2

Running: Map & Optimize on top|zadanie2
fpga_mapper Completed
Return Code: 0
Run Time:0h:00m:00s
Complete: Map on top|zadanie2
Complete: Logic Synthesis on top|zadanie2

exit status=0

exit status=0

