ispLEVER Auto-Make Log File
---------------------------

Updating: Compile EDIF File
Start to record tcl script...
Finished recording TCL script.

Starting: 'C:\ispLEVER_Classic2_0\ispcpld\bin\Synpwrap.exe -e base -target mach -pro '

Copyright (c) 1991-2010 Lattice Semiconductor Corporation,  All rights reserved.
Version : 2.0.00.17.20.15

Done sucessfully with exit code 0.
#Build: Synplify Pro I-2014.03LC , Build 063R, May 27 2014
#install: C:\ispLEVER_Classic2_0\synpbase
#OS: Windows 7 6.2
#Hostname: COREI7-314

#Implementation: zadanie0

$ Start of Compile
#Tue Nov 05 11:02:28 2019

Synopsys VHDL Compiler, version comp201403rcp1, Build 060R, built May 27 2014
@N|Running in 64-bit mode
Copyright (C) 1994-2014 Synopsys, Inc. This software and the associated documentation are proprietary to Synopsys, Inc. This software may only be used in accordance with the terms and conditions of a written license agreement with Synopsys, Inc.  All other use, reproduction, or distribution of this software is strictly prohibited.

@N: CD720 :"C:\ispLEVER_Classic2_0\synpbase\lib\vhd\std.vhd":123:18:123:21|Setting time resolution to ns
@N:"C:\users\strak.desktop-d9mddlk\documents\isplever projects\zadanie0\top_module.vhd":6:7:6:10|Top entity is set to base.
VHDL syntax check successful!
@N: CD630 :"C:\users\strak.desktop-d9mddlk\documents\isplever projects\zadanie0\top_module.vhd":6:7:6:10|Synthesizing work.base.top 
Post processing for work.base.top
@END

At c_vhdl Exit (Real Time elapsed 0h:00m:00s; CPU Time elapsed 0h:00m:00s; Memory used current: 69MB peak: 69MB)

Process took 0h:00m:01s realtime, 0h:00m:01s cputime
# Tue Nov 05 11:02:28 2019

###########################################################]
Synopsys Netlist Linker, version comp201403rcp1, Build 060R, built May 27 2014
@N|Running in 64-bit mode

At syn_nfilter Exit (Real Time elapsed 0h:00m:00s; CPU Time elapsed 0h:00m:00s; Memory used current: 67MB peak: 68MB)

Process took 0h:00m:01s realtime, 0h:00m:01s cputime
# Tue Nov 05 11:02:29 2019

###########################################################]
Map & Optimize Report

Synopsys CPLD Technology Mapper, Version maplat, Build 923R, Built May  6 2014
Copyright (C) 1994-2013, Synopsys, Inc. This software and the associated documentation are proprietary to Synopsys, Inc. This software may only be used in accordance with the terms and conditions of a written license agreement with Synopsys, Inc.  All other use or distribution of the software is strictly prohibited.
Product Version I-2014.03LC 
@N: MF248 |Running in 64-bit mode.
---------------------------------------
Resource Usage Report

Simple gate primitives:
IBUF            1 use
OBUF            1 use


@N: FC100 |Timing Report not generated for this device, please use place and route tools for timing analysis.
I-2014.03LC 
Mapper successful!

At Mapper Exit (Real Time elapsed 0h:00m:00s; CPU Time elapsed 0h:00m:00s; Memory used current: 37MB peak: 102MB)

Process took 0h:00m:01s realtime, 0h:00m:01s cputime
# Tue Nov 05 11:02:30 2019

###########################################################]

Synplicity VHDL/Verilog HDL Synthesizer finished successfully

Done: completed successfully.

Starting: 'C:\ispLEVER_Classic2_0\ispcpld\bin\edif2blf.exe -edf base.edi -out base.bl0 -err automake.err -log base.log -prj zadanie0 -lib "C:\ispLEVER_Classic2_0\ispcpld/dat/mach.edn" -net_Vcc VCC -net_GND GND -nbx -dse -tlw -cvt YES -xor'

Starting EDIF2BLIF....
readEDIF ended normally.

Inspect circuit base
    Number of input ports   : 1
    Number of output ports  : 1
    Number of bidir ports   : 0
    Number of instances     : 2
    Number of nets          : 3

No design errors found in circuit base

WriteBLIF ended normally.

Done: completed successfully.
